Getting data...
Removed: isolated first deaths at 2020-01-30 and 2020-03-02
Date of second death: 2020-03-04
ONS first date: 2020-03-08, last date: 2020-07-13
Fitting spline to Google data...
(25_w,50)-aCMA-ES (mu_w=14.0,w_1=14%) in dimension 4 (seed=100, Fri Sep 16 12:47:47 2022)
Iterat #Fevals   function value  axis ratio  sigma  min&max std  t[m:s]
    1     50 7.757657719414800e-02 1.0e+00 1.48e+00  1e-02  2e+01 0:00.0
    2    100 5.134073933112412e-02 1.5e+00 1.72e+00  2e-02  2e+01 0:00.1
    3    150 8.650460163674516e-02 1.7e+00 1.47e+00  1e-02  1e+01 0:00.1
   59   2950 3.025496650253312e-02 6.8e+00 5.42e-02  6e-09  2e-06 0:01.2
termination on tolfun=1e-11 (Fri Sep 16 12:47:49 2022)
final/bestever f-value = 3.025497e-02 3.025497e-02
incumbent solution: [0.20428848522668913, 0.004907334933161429, 34.450147247864145, 0.15917289268970827]
std deviation: [8.398235891155407e-08, 5.8493805767404245e-09, 1.9050254763344402e-06, 9.153940342988943e-08]
Google first date: 2020-03-08, last date: 2020-07-13
SItD MAP loaded
SIR MAP and index after burn-in: [-637.5781670899421, 413917]
SIR MAP log-likelihood: -622.0033057803378
SIR MAP saved
SIRDeltaD MAP and index after burn-in: [-623.3018211986447, 207444]
SIRDeltaD MAP log-likelihood: -620.6237636164523
SIRDeltaD MAP saved
SIUR MAP and index after burn-in: [-616.6240923395045, 189944]
SIUR MAP log-likelihood: -610.7647709737781
SIUR MAP saved
SEIUR MAP and index after burn-in: [-593.6595285608068, 223073]
SEIUR MAP log-likelihood: -590.9811195549893
SEIUR MAP saved
$I_0$ & 844.5213 & 68.4475 & 998.3271 & 109.6021 & 532.0568
$\rho$ & 3.2119 & 0.4241 & 0.4192 & 0.4633 & 1.05
$t^*$ & 31.5497 & 46.6215 & 34.4481 & 39.3158 & 34.449
$\alpha_b$ & 0.2806 & 0.4094 & 0.4137 & 0.3551 & 0.2869
$\theta$ & -150.0 & -150.0 & -150.0 & -150.0 & -150.0
$\eta$ & -150.0 & -150.0 & -150.0 & -150.0 & -150.0
$\xi$ & -150.0 & -150.0 & -150.0 & -150.0 & -150.0
$\Delta D$ & -150.0 & -150.0 & -150.0 & -150.0 & -150.0
$\phi$ & 0.002 & 0.0128 & 0.0123 & 0.0098 & 0.0054
Derived parameters
$\mathcal{R}_0$ & 3.21 & 2.21 & 2.18 & 2.41 & 3.12
$\min_i \{\mathcal{R}_i\}$ & 0.79 & 0.79 & 0.79 & 0.75 & 0.79
argmin$_i \{\mathcal{R}_i<1\}$ & 32.0 & 47.0 & 35.0 & 40.0 & 35.0
$\max_i \{S_i - S_{i+1} \} (\times 1000) & 296.7 & 324.1 & 333.7 & 430.6 & 306.3
$S_{end}/N$ & 0.879 & 0.876 & 0.876 & 0.88 & 0.879
SItD epi pars loaded
SIR epi pars loaded
SIRDeltaD epi pars loaded
SIUR epi pars loaded
SEIUR epi pars loaded
Beta means at MAPs:
[5.20020801 5.20020801 5.20020801 5.20564275]
Pzeta means at MAPs:
[ 6.20020801 18.20020801 18.69020801 18.693614  ]
