Getting data...
Removed: isolated first deaths at 2020-01-30 and 2020-03-02
Date of second death: 2020-03-04
ONS first date: 2020-03-08, last date: 2020-07-13
Fitting spline to Google data...
(25_w,50)-aCMA-ES (mu_w=14.0,w_1=14%) in dimension 4 (seed=100, Fri Sep 16 13:04:05 2022)
Iterat #Fevals   function value  axis ratio  sigma  min&max std  t[m:s]
    1     50 7.757657719414800e-02 1.0e+00 1.48e+00  1e-02  2e+01 0:00.0
    2    100 5.134073933112412e-02 1.5e+00 1.72e+00  2e-02  2e+01 0:00.1
    3    150 8.650460163674516e-02 1.7e+00 1.47e+00  1e-02  1e+01 0:00.1
   59   2950 3.025496650253312e-02 6.8e+00 5.42e-02  6e-09  2e-06 0:01.3
termination on tolfun=1e-11 (Fri Sep 16 13:04:06 2022)
final/bestever f-value = 3.025497e-02 3.025497e-02
incumbent solution: [0.20428848522668913, 0.004907334933161429, 34.450147247864145, 0.15917289268970827]
std deviation: [8.398235891155407e-08, 5.8493805767404245e-09, 1.9050254763344402e-06, 9.153940342988943e-08]
Google first date: 2020-03-08, last date: 2020-07-13
SItD MAP loaded
SIR MAP loaded
SIRDeltaD MAP loaded
SIUR MAP loaded
SEIUR MAP loaded
SEIUR_fixEta MAP loaded
$I_0$ & 844.5213 & 34.9051 & 4429.3126 & 68.6301 & 2980.5856 & 4165.8464
$\rho$ & 3.2119 & 0.559 & 0.5222 & 1.244 & 2.548 & 0.8081
$t^*$ & 31.5497 & 45.6612 & 24.5127 & 41.3661 & 30.3678 & 31.7714
$\alpha_b$ & 0.2806 & 0.5658 & 0.5506 & 0.7907 & 0.0135 & 0.0404
$\theta$ & -150.0 & 0.3215 & 0.2954 & 0.9992 & 0.0865 & 0.0642
$\eta$ & -150.0 & -150.0 & -150.0 & -150.0 & 0.0715 & -150.0
$\xi$ & -150.0 & -150.0 & -150.0 & 0.0405 & 0.1555 & 0.1212
$\Delta D$ & -150.0 & -150.0 & 21.7779 & -150.0 & -150.0 & -150.0
$\phi$ & 0.002 & 0.012 & 0.0096 & 0.003 & 0.0009 & 0.0015
Derived parameters
$\mathcal{R}_0$ & 3.21 & 1.74 & 1.77 & 1.24 & 29.44 & 12.58
$\min_i \{\mathcal{R}_i\}$ & 0.79 & 0.86 & 0.85 & 0.86 & 0.35 & 0.44
argmin$_i \{\mathcal{R}_i<1\}$ & 32.0 & 46.0 & 25.0 & 42.0 & 31.0 & 32.0
$\max_i \{S_i - S_{i+1} \} (\times 1000) & 296.7 & 230.0 & 241.2 & 467.5 & 809.6 & 809.5
$S_{end}/N$ & 0.879 & 0.878 & 0.877 & 0.878 & 0.886 & 0.856
SItD epi pars loaded
SIR epi pars loaded
SIRDeltaD epi pars loaded
SIUR epi pars loaded
SEIUR epi pars loaded
SEIUR epi pars loaded
SIR MAP loaded
SIRDeltaD MAP loaded
SIUR MAP loaded
SEIUR MAP loaded
SEIUR_fixEta MAP loaded
Beta means at MAPs:
[ 3.110759    3.38483338  1.00078884 22.65288793 16.8792771 ]
Pzeta means at MAPs:
[ 4.110759   25.38483338 26.67309589 32.97193223 30.02120489]
